<?xml version="1.0" encoding="UTF-8"?>
<!-- Generated by org.testng.reporters.JUnitXMLReporter -->
<testsuite ignored="0" hostname="AGI-LT-1137" failures="0" tests="3" name="Default test" time="79.238" errors="0" timestamp="2021-09-24T08:36:56 IST">
  <testcase classname="Mavenproject.Mavenproject.testngclass2" name="Testclass01" time="19.731"/>
  <testcase classname="Mavenproject.Mavenproject.testngclass2" name="Testclass02" time="38.936"/>
  <testcase classname="Mavenproject.Mavenproject.testngclass" name="run" time="5.03"/>
</testsuite> <!-- Default test -->
